{"C:\\Users\\alexx\\Desktop\\Practice11\\Calculator\\scripts.js": {"path":"C:\\Users\\alexx\\Desktop\\Practice11\\Calculator\\scripts.js","statementMap":{"0":{"start":{"line":3,"column":4},"end":{"line":3,"column":49}},"1":{"start":{"line":8,"column":4},"end":{"line":8,"column":53}},"2":{"start":{"line":13,"column":12},"end":{"line":13,"column":51}},"3":{"start":{"line":14,"column":12},"end":{"line":14,"column":19}},"4":{"start":{"line":15,"column":4},"end":{"line":15,"column":48}},"5":{"start":{"line":19,"column":2},"end":{"line":19,"column":55}}},"fnMap":{"0":{"name":"clearScreen","decl":{"start":{"line":2,"column":9},"end":{"line":2,"column":20}},"loc":{"start":{"line":2,"column":23},"end":{"line":4,"column":3}},"line":2},"1":{"name":"display","decl":{"start":{"line":7,"column":11},"end":{"line":7,"column":18}},"loc":{"start":{"line":7,"column":26},"end":{"line":9,"column":3}},"line":7},"2":{"name":"calculate","decl":{"start":{"line":12,"column":11},"end":{"line":12,"column":20}},"loc":{"start":{"line":12,"column":23},"end":{"line":16,"column":3}},"line":12}},"branchMap":{},"s":{"0":1,"1":1,"2":6,"3":6,"4":6,"5":1},"f":{"0":1,"1":1,"2":6},"b":{},"_coverageSchema":"1a1c01bbd47fc00a2c39e90264f33305004495a9","hash":"5dceff9f32984af50040d057466e4b27cfb4cdc8"}
}
